<?xml version="1.0" encoding="UTF-8"?>
<coverage generated="1724188919">
  <project timestamp="1724188919">
    <file name="/home/runner/work/EFaas-Socialite/EFaas-Socialite/src/Contracts/EfaasSessionContract.php">
      <metrics loc="12" ncloc="9" classes="0" methods="0" coveredmethods="0" conditionals="0" coveredconditionals="0" statements="0" coveredstatements="0" elements="0" coveredelements="0"/>
    </file>
    <file name="/home/runner/work/EFaas-Socialite/EFaas-Socialite/src/Contracts/EfaasSessionHandlerContract.php">
      <metrics loc="34" ncloc="19" classes="0" methods="0" coveredmethods="0" conditionals="0" coveredconditionals="0" statements="0" coveredstatements="0" elements="0" coveredelements="0"/>
    </file>
    <file name="/home/runner/work/EFaas-Socialite/EFaas-Socialite/src/EfaasAddress.php">
      <class name="Javaabu\EfaasSocialite\EfaasAddress" namespace="global">
        <metrics complexity="10" methods="3" coveredmethods="3" conditionals="0" coveredconditionals="0" statements="21" coveredstatements="21" elements="24" coveredelements="24"/>
      </class>
      <line num="38" type="method" name="make" visibility="public" complexity="3" crap="3" count="5"/>
      <line num="40" type="stmt" count="5"/>
      <line num="42" type="stmt" count="5"/>
      <line num="44" type="stmt" count="5"/>
      <line num="45" type="stmt" count="3"/>
      <line num="48" type="stmt" count="2"/>
      <line num="49" type="stmt" count="2"/>
      <line num="52" type="stmt" count="2"/>
      <line num="55" type="method" name="getFormattedAddress" visibility="public" complexity="4" crap="4" count="1"/>
      <line num="57" type="stmt" count="1"/>
      <line num="59" type="stmt" count="1"/>
      <line num="60" type="stmt" count="1"/>
      <line num="63" type="stmt" count="1"/>
      <line num="64" type="stmt" count="1"/>
      <line num="67" type="stmt" count="1"/>
      <line num="68" type="stmt" count="1"/>
      <line num="71" type="stmt" count="1"/>
      <line num="74" type="method" name="getDhivehiFormattedAddress" visibility="public" complexity="3" crap="3" count="1"/>
      <line num="76" type="stmt" count="1"/>
      <line num="78" type="stmt" count="1"/>
      <line num="79" type="stmt" count="1"/>
      <line num="82" type="stmt" count="1"/>
      <line num="83" type="stmt" count="1"/>
      <line num="86" type="stmt" count="1"/>
      <metrics loc="89" ncloc="89" classes="1" methods="3" coveredmethods="3" conditionals="0" coveredconditionals="0" statements="21" coveredstatements="21" elements="24" coveredelements="24"/>
    </file>
    <file name="/home/runner/work/EFaas-Socialite/EFaas-Socialite/src/EfaasProvider.php">
      <class name="Javaabu\EfaasSocialite\EfaasProvider" namespace="global">
        <metrics complexity="46" methods="26" coveredmethods="14" conditionals="0" coveredconditionals="0" statements="137" coveredstatements="103" elements="163" coveredelements="117"/>
      </class>
      <line num="60" type="method" name="config" visibility="protected" complexity="1" crap="1" count="2"/>
      <line num="62" type="stmt" count="2"/>
      <line num="70" type="method" name="isProduction" visibility="protected" complexity="1" crap="1" count="2"/>
      <line num="72" type="stmt" count="2"/>
      <line num="80" type="method" name="getEfaasUrl" visibility="protected" complexity="3" crap="3" count="2"/>
      <line num="82" type="stmt" count="2"/>
      <line num="84" type="stmt" count="2"/>
      <line num="85" type="stmt" count="2"/>
      <line num="88" type="stmt" count="2"/>
      <line num="97" type="method" name="getApiUrl" visibility="protected" complexity="1" crap="1" count="2"/>
      <line num="99" type="stmt" count="2"/>
      <line num="101" type="stmt" count="2"/>
      <line num="110" type="method" name="getBaseApiUrl" visibility="protected" complexity="2" crap="2" count="2"/>
      <line num="112" type="stmt" count="2"/>
      <line num="113" type="stmt" count="2"/>
      <line num="115" type="stmt" count="2"/>
      <line num="116" type="stmt" count="2"/>
      <line num="119" type="stmt" count="2"/>
      <line num="128" type="method" name="getAuthUrl" visibility="protected" complexity="1" crap="1" count="2"/>
      <line num="130" type="stmt" count="2"/>
      <line num="138" type="method" name="getLogoutSid" visibility="public" complexity="2" crap="2.50" count="3"/>
      <line num="140" type="stmt" count="3"/>
      <line num="143" type="stmt" count="3"/>
      <line num="144" type="stmt" count="0"/>
      <line num="145" type="stmt" count="0"/>
      <line num="154" type="method" name="getLogoutToken" visibility="public" complexity="1" crap="1" count="3"/>
      <line num="156" type="stmt" count="3"/>
      <line num="164" type="method" name="getLoginCode" visibility="public" complexity="1" crap="1" count="2"/>
      <line num="166" type="stmt" count="2"/>
      <line num="175" type="method" name="getCodeFields" visibility="protected" complexity="5" crap="5.05" count="2"/>
      <line num="177" type="stmt" count="2"/>
      <line num="178" type="stmt" count="2"/>
      <line num="179" type="stmt" count="2"/>
      <line num="180" type="stmt" count="2"/>
      <line num="181" type="stmt" count="2"/>
      <line num="182" type="stmt" count="2"/>
      <line num="183" type="stmt" count="2"/>
      <line num="186" type="stmt" count="2"/>
      <line num="187" type="stmt" count="1"/>
      <line num="190" type="stmt" count="2"/>
      <line num="191" type="stmt" count="2"/>
      <line num="194" type="stmt" count="2"/>
      <line num="195" type="stmt" count="0"/>
      <line num="196" type="stmt" count="0"/>
      <line num="198" type="stmt" count="2"/>
      <line num="201" type="stmt" count="2"/>
      <line num="210" type="method" name="getCode" visibility="protected" complexity="1" crap="1" count="5"/>
      <line num="212" type="stmt" count="5"/>
      <line num="222" type="method" name="userInstance" visibility="protected" complexity="2" crap="2" count="5"/>
      <line num="225" type="stmt" count="5"/>
      <line num="227" type="stmt" count="5"/>
      <line num="229" type="stmt" count="5"/>
      <line num="231" type="stmt" count="5"/>
      <line num="232" type="stmt" count="5"/>
      <line num="233" type="stmt" count="4"/>
      <line num="236" type="stmt" count="4"/>
      <line num="244" type="method" name="parseJWT" visibility="public" complexity="1" crap="1" count="8"/>
      <line num="247" type="stmt" count="8"/>
      <line num="248" type="stmt" count="8"/>
      <line num="256" type="method" name="getCurrentSystemTime" visibility="public" complexity="1" crap="2" count="0"/>
      <line num="258" type="stmt" count="0"/>
      <line num="267" type="method" name="getSidFromToken" visibility="public" complexity="2" crap="2" count="8"/>
      <line num="270" type="stmt" count="8"/>
      <line num="273" type="stmt" count="8"/>
      <line num="276" type="stmt" count="8"/>
      <line num="279" type="stmt" count="8"/>
      <line num="280" type="stmt" count="8"/>
      <line num="281" type="stmt" count="8"/>
      <line num="282" type="stmt" count="8"/>
      <line num="283" type="stmt" count="8"/>
      <line num="287" type="stmt" count="8"/>
      <line num="288" type="stmt" count="8"/>
      <line num="289" type="stmt" count="1"/>
      <line num="290" type="stmt" count="1"/>
      <line num="293" type="stmt" count="7"/>
      <line num="295" type="stmt" count="7"/>
      <line num="305" type="method" name="mapUserToObject" visibility="protected" complexity="6" crap="6" count="5"/>
      <line num="307" type="stmt" count="5"/>
      <line num="308" type="stmt" count="5"/>
      <line num="309" type="stmt" count="5"/>
      <line num="310" type="stmt" count="5"/>
      <line num="311" type="stmt" count="5"/>
      <line num="313" type="stmt" count="5"/>
      <line num="314" type="stmt" count="5"/>
      <line num="315" type="stmt" count="5"/>
      <line num="316" type="stmt" count="5"/>
      <line num="317" type="stmt" count="5"/>
      <line num="318" type="stmt" count="5"/>
      <line num="319" type="stmt" count="5"/>
      <line num="320" type="stmt" count="5"/>
      <line num="321" type="stmt" count="5"/>
      <line num="322" type="stmt" count="5"/>
      <line num="323" type="stmt" count="5"/>
      <line num="324" type="stmt" count="5"/>
      <line num="325" type="stmt" count="5"/>
      <line num="326" type="stmt" count="5"/>
      <line num="327" type="stmt" count="5"/>
      <line num="328" type="stmt" count="5"/>
      <line num="329" type="stmt" count="5"/>
      <line num="330" type="stmt" count="5"/>
      <line num="331" type="stmt" count="5"/>
      <line num="332" type="stmt" count="5"/>
      <line num="333" type="stmt" count="5"/>
      <line num="334" type="stmt" count="5"/>
      <line num="335" type="stmt" count="5"/>
      <line num="336" type="stmt" count="5"/>
      <line num="337" type="stmt" count="5"/>
      <line num="338" type="stmt" count="5"/>
      <line num="339" type="stmt" count="5"/>
      <line num="340" type="stmt" count="5"/>
      <line num="343" type="stmt" count="5"/>
      <line num="344" type="stmt" count="5"/>
      <line num="345" type="stmt" count="5"/>
      <line num="346" type="stmt" count="5"/>
      <line num="354" type="method" name="getJwksUrl" visibility="protected" complexity="1" crap="2" count="0"/>
      <line num="356" type="stmt" count="0"/>
      <line num="364" type="method" name="getJwksResponse" visibility="public" complexity="2" crap="6" count="0"/>
      <line num="366" type="stmt" count="0"/>
      <line num="367" type="stmt" count="0"/>
      <line num="369" type="stmt" count="0"/>
      <line num="376" type="method" name="getPublicKey" visibility="public" complexity="3" crap="3.01" count="9"/>
      <line num="379" type="stmt" count="9"/>
      <line num="380" type="stmt" count="1"/>
      <line num="384" type="stmt" count="9"/>
      <line num="385" type="stmt" count="9"/>
      <line num="387" type="stmt" count="9"/>
      <line num="389" type="stmt" count="9"/>
      <line num="391" type="stmt" count="0"/>
      <line num="394" type="stmt" count="9"/>
      <line num="396" type="stmt" count="9"/>
      <line num="398" type="stmt" count="9"/>
      <line num="406" type="method" name="getTokenUrl" visibility="protected" complexity="1" crap="2" count="0"/>
      <line num="408" type="stmt" count="0"/>
      <line num="417" type="method" name="getTokenFields" visibility="protected" complexity="1" crap="2" count="0"/>
      <line num="419" type="stmt" count="0"/>
      <line num="420" type="stmt" count="0"/>
      <line num="421" type="stmt" count="0"/>
      <line num="432" type="method" name="getUserByToken" visibility="protected" complexity="1" crap="2" count="0"/>
      <line num="434" type="stmt" count="0"/>
      <line num="435" type="stmt" count="0"/>
      <line num="436" type="stmt" count="0"/>
      <line num="437" type="stmt" count="0"/>
      <line num="438" type="stmt" count="0"/>
      <line num="439" type="stmt" count="0"/>
      <line num="441" type="stmt" count="0"/>
      <line num="457" type="method" name="logOut" visibility="public" complexity="3" crap="12" count="0"/>
      <line num="459" type="stmt" count="0"/>
      <line num="461" type="stmt" count="0"/>
      <line num="462" type="stmt" count="0"/>
      <line num="463" type="stmt" count="0"/>
      <line num="464" type="stmt" count="0"/>
      <line num="466" type="stmt" count="0"/>
      <line num="467" type="stmt" count="0"/>
      <line num="470" type="stmt" count="0"/>
      <line num="472" type="stmt" count="0"/>
      <line num="481" type="method" name="userFromCode" visibility="public" complexity="1" crap="2" count="0"/>
      <line num="483" type="stmt" count="0"/>
      <line num="485" type="stmt" count="0"/>
      <line num="487" type="stmt" count="0"/>
      <line num="495" type="method" name="ignoreRoutes" visibility="public" complexity="1" crap="2" count="0"/>
      <line num="497" type="stmt" count="0"/>
      <line num="503" type="method" name="sessionHandler" visibility="public" complexity="1" crap="1" count="7"/>
      <line num="505" type="stmt" count="7"/>
      <metrics loc="508" ncloc="332" classes="1" methods="26" coveredmethods="14" conditionals="0" coveredconditionals="0" statements="137" coveredstatements="103" elements="163" coveredelements="117"/>
    </file>
    <file name="/home/runner/work/EFaas-Socialite/EFaas-Socialite/src/EfaasSessionHandler.php">
      <class name="Javaabu\EfaasSocialite\EfaasSessionHandler" namespace="global">
        <metrics complexity="9" methods="6" coveredmethods="6" conditionals="0" coveredconditionals="0" statements="23" coveredstatements="23" elements="29" coveredelements="29"/>
      </class>
      <line num="11" type="method" name="modelClass" visibility="public" complexity="1" crap="1" count="6"/>
      <line num="13" type="stmt" count="6"/>
      <line num="16" type="method" name="findByLaravelSessionId" visibility="public" complexity="1" crap="1" count="6"/>
      <line num="18" type="stmt" count="6"/>
      <line num="20" type="stmt" count="6"/>
      <line num="21" type="stmt" count="6"/>
      <line num="22" type="stmt" count="6"/>
      <line num="25" type="method" name="findBySid" visibility="public" complexity="1" crap="1" count="2"/>
      <line num="27" type="stmt" count="2"/>
      <line num="29" type="stmt" count="2"/>
      <line num="30" type="stmt" count="2"/>
      <line num="31" type="stmt" count="2"/>
      <line num="34" type="method" name="logoutSessions" visibility="public" complexity="2" crap="2" count="1"/>
      <line num="36" type="stmt" count="1"/>
      <line num="39" type="stmt" count="1"/>
      <line num="40" type="stmt" count="1"/>
      <line num="44" type="method" name="saveSid" visibility="public" complexity="3" crap="3" count="6"/>
      <line num="46" type="stmt" count="6"/>
      <line num="47" type="stmt" count="2"/>
      <line num="50" type="stmt" count="6"/>
      <line num="53" type="stmt" count="6"/>
      <line num="55" type="stmt" count="6"/>
      <line num="56" type="stmt" count="6"/>
      <line num="57" type="stmt" count="6"/>
      <line num="60" type="stmt" count="6"/>
      <line num="61" type="stmt" count="6"/>
      <line num="63" type="stmt" count="6"/>
      <line num="66" type="method" name="getCurrentLaravelSessionId" visibility="public" complexity="1" crap="1" count="2"/>
      <line num="68" type="stmt" count="2"/>
      <metrics loc="71" ncloc="69" classes="1" methods="6" coveredmethods="6" conditionals="0" coveredconditionals="0" statements="23" coveredstatements="23" elements="29" coveredelements="29"/>
    </file>
    <file name="/home/runner/work/EFaas-Socialite/EFaas-Socialite/src/EfaasUser.php">
      <class name="Javaabu\EfaasSocialite\EfaasUser" namespace="global">
        <metrics complexity="20" methods="13" coveredmethods="8" conditionals="0" coveredconditionals="0" statements="43" coveredstatements="30" elements="56" coveredelements="38"/>
      </class>
      <line num="65" type="method" name="setSid" visibility="public" complexity="1" crap="1" count="4"/>
      <line num="67" type="stmt" count="4"/>
      <line num="69" type="stmt" count="4"/>
      <line num="72" type="method" name="setIdToken" visibility="public" complexity="1" crap="1" count="5"/>
      <line num="74" type="stmt" count="5"/>
      <line num="76" type="stmt" count="5"/>
      <line num="84" type="method" name="isMaldivian" visibility="public" complexity="1" crap="2" count="0"/>
      <line num="86" type="stmt" count="0"/>
      <line num="94" type="method" name="getDhivehiName" visibility="public" complexity="1" crap="2" count="0"/>
      <line num="96" type="stmt" count="0"/>
      <line num="104" type="method" name="getPhotoResponse" visibility="public" complexity="1" crap="2" count="0"/>
      <line num="106" type="stmt" count="0"/>
      <line num="107" type="stmt" count="0"/>
      <line num="108" type="stmt" count="0"/>
      <line num="109" type="stmt" count="0"/>
      <line num="110" type="stmt" count="0"/>
      <line num="111" type="stmt" count="0"/>
      <line num="113" type="stmt" count="0"/>
      <line num="120" type="method" name="loadPhotoData" visibility="protected" complexity="2" crap="2.01" count="6"/>
      <line num="122" type="stmt" count="6"/>
      <line num="124" type="stmt" count="6"/>
      <line num="126" type="stmt" count="6"/>
      <line num="127" type="stmt" count="0"/>
      <line num="131" type="stmt" count="6"/>
      <line num="132" type="stmt" count="6"/>
      <line num="134" type="stmt" count="6"/>
      <line num="135" type="stmt" count="6"/>
      <line num="137" type="stmt" count="6"/>
      <line num="144" type="method" name="getPhotoMimetype" visibility="public" complexity="2" crap="2" count="2"/>
      <line num="146" type="stmt" count="2"/>
      <line num="147" type="stmt" count="1"/>
      <line num="150" type="stmt" count="2"/>
      <line num="157" type="method" name="getPhotoExtension" visibility="public" complexity="2" crap="2" count="3"/>
      <line num="159" type="stmt" count="3"/>
      <line num="160" type="stmt" count="1"/>
      <line num="163" type="stmt" count="3"/>
      <line num="170" type="method" name="getPhotoBase64" visibility="public" complexity="1" crap="1" count="4"/>
      <line num="172" type="stmt" count="4"/>
      <line num="178" type="method" name="getPhotoDataUrl" visibility="public" complexity="2" crap="2" count="1"/>
      <line num="180" type="stmt" count="1"/>
      <line num="182" type="stmt" count="1"/>
      <line num="190" type="method" name="getAvatar" visibility="public" complexity="1" crap="1" count="1"/>
      <line num="192" type="stmt" count="1"/>
      <line num="200" type="method" name="savePhoto" visibility="public" complexity="3" crap="3" count="2"/>
      <line num="203" type="stmt" count="2"/>
      <line num="204" type="stmt" count="2"/>
      <line num="206" type="stmt" count="2"/>
      <line num="209" type="stmt" count="2"/>
      <line num="210" type="stmt" count="1"/>
      <line num="213" type="stmt" count="2"/>
      <line num="215" type="stmt" count="2"/>
      <line num="217" type="stmt" count="2"/>
      <line num="225" type="method" name="getHttpClient" visibility="protected" complexity="2" crap="6" count="0"/>
      <line num="227" type="stmt" count="0"/>
      <line num="228" type="stmt" count="0"/>
      <line num="231" type="stmt" count="0"/>
      <metrics loc="234" ncloc="139" classes="1" methods="13" coveredmethods="8" conditionals="0" coveredconditionals="0" statements="43" coveredstatements="30" elements="56" coveredelements="38"/>
    </file>
    <file name="/home/runner/work/EFaas-Socialite/EFaas-Socialite/src/Enums/Enum.php">
      <class name="Javaabu\EfaasSocialite\Enums\Enum" namespace="global">
        <metrics complexity="1" methods="1" coveredmethods="0" conditionals="0" coveredconditionals="0" statements="1" coveredstatements="0" elements="2" coveredelements="0"/>
      </class>
      <line num="14" type="method" name="getDescription" visibility="public" complexity="1" crap="2" count="0"/>
      <line num="16" type="stmt" count="0"/>
      <metrics loc="19" ncloc="14" classes="1" methods="1" coveredmethods="0" conditionals="0" coveredconditionals="0" statements="1" coveredstatements="0" elements="2" coveredelements="0"/>
    </file>
    <file name="/home/runner/work/EFaas-Socialite/EFaas-Socialite/src/Enums/UserStates.php">
      <class name="Javaabu\EfaasSocialite\Enums\UserStates" namespace="global">
        <metrics complexity="0" methods="0" coveredmethods="0" conditionals="0" coveredconditionals="0" statements="0" coveredstatements="0" elements="0" coveredelements="0"/>
      </class>
      <metrics loc="19" ncloc="19" classes="0" methods="0" coveredmethods="0" conditionals="0" coveredconditionals="0" statements="0" coveredstatements="0" elements="0" coveredelements="0"/>
    </file>
    <file name="/home/runner/work/EFaas-Socialite/EFaas-Socialite/src/Enums/UserTypes.php">
      <class name="Javaabu\EfaasSocialite\Enums\UserTypes" namespace="global">
        <metrics complexity="0" methods="0" coveredmethods="0" conditionals="0" coveredconditionals="0" statements="0" coveredstatements="0" elements="0" coveredelements="0"/>
      </class>
      <metrics loc="21" ncloc="21" classes="0" methods="0" coveredmethods="0" conditionals="0" coveredconditionals="0" statements="0" coveredstatements="0" elements="0" coveredelements="0"/>
    </file>
    <file name="/home/runner/work/EFaas-Socialite/EFaas-Socialite/src/Enums/VerificationTypes.php">
      <class name="Javaabu\EfaasSocialite\Enums\VerificationTypes" namespace="global">
        <metrics complexity="0" methods="0" coveredmethods="0" conditionals="0" coveredconditionals="0" statements="0" coveredstatements="0" elements="0" coveredelements="0"/>
      </class>
      <metrics loc="21" ncloc="21" classes="0" methods="0" coveredmethods="0" conditionals="0" coveredconditionals="0" statements="0" coveredstatements="0" elements="0" coveredelements="0"/>
    </file>
    <file name="/home/runner/work/EFaas-Socialite/EFaas-Socialite/src/Exceptions/JwtTokenInvalidException.php">
      <class name="Javaabu\EfaasSocialite\Exceptions\JwtTokenInvalidException" namespace="global">
        <metrics complexity="1" methods="1" coveredmethods="1" conditionals="0" coveredconditionals="0" statements="2" coveredstatements="2" elements="3" coveredelements="3"/>
      </class>
      <line num="9" type="method" name="__construct" visibility="public" complexity="1" crap="1" count="1"/>
      <line num="11" type="stmt" count="1"/>
      <line num="13" type="stmt" count="1"/>
      <metrics loc="16" ncloc="16" classes="1" methods="1" coveredmethods="1" conditionals="0" coveredconditionals="0" statements="2" coveredstatements="2" elements="3" coveredelements="3"/>
    </file>
    <file name="/home/runner/work/EFaas-Socialite/EFaas-Socialite/src/Http/Controllers/EfaasOneTapLoginController.php">
      <class name="Javaabu\EfaasSocialite\Http\Controllers\EfaasOneTapLoginController" namespace="global">
        <metrics complexity="1" methods="1" coveredmethods="1" conditionals="0" coveredconditionals="0" statements="1" coveredstatements="1" elements="2" coveredelements="2"/>
      </class>
      <line num="15" type="method" name="efaasOneTapLogin" visibility="public" complexity="1" crap="1" count="1"/>
      <line num="17" type="stmt" count="1"/>
      <metrics loc="20" ncloc="15" classes="1" methods="1" coveredmethods="1" conditionals="0" coveredconditionals="0" statements="1" coveredstatements="1" elements="2" coveredelements="2"/>
    </file>
    <file name="/home/runner/work/EFaas-Socialite/EFaas-Socialite/src/Http/Middleware/RedirectOneTapLogins.php">
      <class name="Javaabu\EfaasSocialite\Http\Middleware\RedirectOneTapLogins" namespace="global">
        <metrics complexity="5" methods="3" coveredmethods="0" conditionals="0" coveredconditionals="0" statements="11" coveredstatements="0" elements="14" coveredelements="0"/>
      </class>
      <line num="17" type="method" name="handle" visibility="public" complexity="3" crap="12" count="0"/>
      <line num="19" type="stmt" count="0"/>
      <line num="21" type="stmt" count="0"/>
      <line num="22" type="stmt" count="0"/>
      <line num="23" type="stmt" count="0"/>
      <line num="24" type="stmt" count="0"/>
      <line num="25" type="stmt" count="0"/>
      <line num="29" type="stmt" count="0"/>
      <line num="35" type="method" name="addLoginCodeToUrl" visibility="protected" complexity="2" crap="6" count="0"/>
      <line num="38" type="stmt" count="0"/>
      <line num="40" type="stmt" count="0"/>
      <line num="42" type="stmt" count="0"/>
      <line num="48" type="method" name="getRedirectUrl" visibility="protected" complexity="0" crap="0" count="0"/>
      <metrics loc="50" ncloc="36" classes="1" methods="3" coveredmethods="0" conditionals="0" coveredconditionals="0" statements="11" coveredstatements="0" elements="14" coveredelements="0"/>
    </file>
    <file name="/home/runner/work/EFaas-Socialite/EFaas-Socialite/src/Models/EfaasSession.php">
      <class name="Javaabu\EfaasSocialite\Models\EfaasSession" namespace="global">
        <metrics complexity="4" methods="2" coveredmethods="2" conditionals="0" coveredconditionals="0" statements="7" coveredstatements="7" elements="9" coveredelements="9"/>
      </class>
      <line num="12" type="method" name="__construct" visibility="public" complexity="3" crap="3" count="6"/>
      <line num="14" type="stmt" count="6"/>
      <line num="15" type="stmt" count="6"/>
      <line num="18" type="stmt" count="6"/>
      <line num="19" type="stmt" count="6"/>
      <line num="22" type="stmt" count="6"/>
      <line num="27" type="method" name="logOut" visibility="public" complexity="1" crap="1" count="1"/>
      <line num="30" type="stmt" count="1"/>
      <line num="33" type="stmt" count="1"/>
      <metrics loc="36" ncloc="34" classes="1" methods="2" coveredmethods="2" conditionals="0" coveredconditionals="0" statements="7" coveredstatements="7" elements="9" coveredelements="9"/>
    </file>
    <file name="/home/runner/work/EFaas-Socialite/EFaas-Socialite/src/Providers/EfaasSocialiteServiceProvider.php">
      <class name="Javaabu\EfaasSocialite\Providers\EfaasSocialiteServiceProvider" namespace="global">
        <metrics complexity="5" methods="3" coveredmethods="3" conditionals="0" coveredconditionals="0" statements="27" coveredstatements="27" elements="30" coveredelements="30"/>
      </class>
      <line num="16" type="method" name="boot" visibility="public" complexity="2" crap="2" count="26"/>
      <line num="19" type="stmt" count="26"/>
      <line num="20" type="stmt" count="26"/>
      <line num="21" type="stmt" count="26"/>
      <line num="22" type="stmt" count="26"/>
      <line num="24" type="stmt" count="26"/>
      <line num="25" type="stmt" count="26"/>
      <line num="26" type="stmt" count="26"/>
      <line num="29" type="stmt" count="26"/>
      <line num="31" type="stmt" count="26"/>
      <line num="32" type="stmt" count="26"/>
      <line num="33" type="stmt" count="26"/>
      <line num="34" type="stmt" count="9"/>
      <line num="36" type="stmt" count="9"/>
      <line num="38" type="stmt" count="9"/>
      <line num="40" type="stmt" count="9"/>
      <line num="41" type="stmt" count="26"/>
      <line num="42" type="stmt" count="26"/>
      <line num="44" type="stmt" count="26"/>
      <line num="50" type="method" name="register" visibility="public" complexity="1" crap="1" count="26"/>
      <line num="53" type="stmt" count="26"/>
      <line num="55" type="stmt" count="26"/>
      <line num="63" type="method" name="registerRoutes" visibility="protected" complexity="2" crap="2" count="26"/>
      <line num="65" type="stmt" count="26"/>
      <line num="66" type="stmt" count="26"/>
      <line num="67" type="stmt" count="26"/>
      <line num="68" type="stmt" count="26"/>
      <line num="69" type="stmt" count="26"/>
      <line num="70" type="stmt" count="26"/>
      <line num="71" type="stmt" count="26"/>
      <metrics loc="75" ncloc="61" classes="1" methods="3" coveredmethods="3" conditionals="0" coveredconditionals="0" statements="27" coveredstatements="27" elements="30" coveredelements="30"/>
    </file>
    <metrics files="15" loc="1225" ncloc="894" classes="10" methods="59" coveredmethods="38" conditionals="0" coveredconditionals="0" statements="273" coveredstatements="214" elements="332" coveredelements="252"/>
  </project>
</coverage>
